AlzAssist/app/build/intermediates/manifest_merge_blame_file/debug/manifest-merger-blame-debug-report.txt
1<?xml version="1.0" encoding="utf-8"?>
2<manifest xmlns:android="http://schemas.android.com/apk/res/android"
3    package="com.example.alzassit_v2"
4    android:versionCode="1"
5    android:versionName="1.0" >
6
7    <uses-sdk
8        android:minSdkVersion="26"
8-->src\main\AndroidManifest.xml
9        android:targetSdkVersion="33" />
9-->src\main\AndroidManifest.xml
10
11    <uses-permission android:name="android.permission.POST_NOTIFICATIONS" />
11-->src\main\AndroidManifest.xml:6:5-77
11-->src\main\AndroidManifest.xml:6:22-74
12    <uses-permission android:name="android.permission.VIBRATE" />
12-->src\main\AndroidManifest.xml:7:5-66
12-->src\main\AndroidManifest.xml:7:22-63
13    <uses-permission android:name="android.permission.BLUETOOTH" />
13-->src\main\AndroidManifest.xml:9:5-68
13-->src\main\AndroidManifest.xml:9:22-65
14    <uses-permission android:name="android.permission.BLUETOOTH_ADMIN" />
14-->src\main\AndroidManifest.xml:10:5-74
14-->src\main\AndroidManifest.xml:10:22-71
15    <uses-permission android:name="android.permission.BLUETOOTH_CONNECT" />
15-->src\main\AndroidManifest.xml:11:5-76
15-->src\main\AndroidManifest.xml:11:22-73
16
17    <permission
17-->[androidx.core:core:1.9.0] AndroidManifest.xml:22:5-24:47
18        android:name="com.example.alzassit_v2.DYNAMIC_RECEIVER_NOT_EXPORTED_PERMISSION"
18-->[androidx.core:core:1.9.0] AndroidManifest.xml:23:9-81
19        android:protectionLevel="signature" />
19-->[androidx.core:core:1.9.0] AndroidManifest.xml:24:9-44
20
21    <uses-permission android:name="com.example.alzassit_v2.DYNAMIC_RECEIVER_NOT_EXPORTED_PERMISSION" />
21-->[androidx.core:core:1.9.0] AndroidManifest.xml:26:5-97
21-->[androidx.core:core:1.9.0] AndroidManifest.xml:26:22-94
22
23    <application
23-->src\main\AndroidManifest.xml:13:5-50:19
24        android:allowBackup="true"
24-->src\main\AndroidManifest.xml:14:9-35
25        android:appComponentFactory="androidx.core.app.CoreComponentFactory"
25-->[androidx.core:core:1.9.0] AndroidManifest.xml:28:18-86
26        android:dataExtractionRules="@xml/data_extraction_rules"
26-->src\main\AndroidManifest.xml:15:9-65
27        android:debuggable="true"
28        android:extractNativeLibs="false"
29        android:fullBackupContent="@xml/backup_rules"
29-->src\main\AndroidManifest.xml:16:9-54
30        android:icon="@drawable/alzassitlogo_icon"
30-->src\main\AndroidManifest.xml:17:9-51
31        android:label="@string/app_name"
31-->src\main\AndroidManifest.xml:18:9-41
32        android:supportsRtl="true"
32-->src\main\AndroidManifest.xml:19:9-35
33        android:testOnly="true"
34        android:theme="@style/AppTheme" >
34-->src\main\AndroidManifest.xml:20:9-40
35        <activity
35-->src\main\AndroidManifest.xml:22:9-24:40
36            android:name="com.example.alzassit_v2.HomeActivity"
36-->src\main\AndroidManifest.xml:23:13-41
37            android:exported="false" />
37-->src\main\AndroidManifest.xml:24:13-37
38        <activity
38-->src\main\AndroidManifest.xml:25:9-33:20
39            android:name="com.example.alzassit_v2.MainActivity"
39-->src\main\AndroidManifest.xml:26:13-41
40            android:exported="true" >
40-->src\main\AndroidManifest.xml:27:13-36
41            <intent-filter>
41-->src\main\AndroidManifest.xml:28:13-32:29
42                <action android:name="android.intent.action.MAIN" />
42-->src\main\AndroidManifest.xml:29:17-69
42-->src\main\AndroidManifest.xml:29:25-66
43
44                <category android:name="android.intent.category.LAUNCHER" />
44-->src\main\AndroidManifest.xml:31:17-77
44-->src\main\AndroidManifest.xml:31:27-74
45            </intent-filter>
46        </activity>
47        <activity
47-->src\main\AndroidManifest.xml:34:9-36:39
48            android:name="com.example.alzassit_v2.menu_principal"
48-->src\main\AndroidManifest.xml:35:13-43
49            android:exported="true" />
49-->src\main\AndroidManifest.xml:36:13-36
50        <activity
50-->src\main\AndroidManifest.xml:37:9-39:39
51            android:name="com.example.alzassit_v2.config_sens"
51-->src\main\AndroidManifest.xml:38:13-40
52            android:exported="true" />
52-->src\main\AndroidManifest.xml:39:13-36
53        <activity
53-->src\main\AndroidManifest.xml:40:9-42:39
54            android:name="com.example.alzassit_v2.res_diario"
54-->src\main\AndroidManifest.xml:41:13-39
55            android:exported="true" />
55-->src\main\AndroidManifest.xml:42:13-36
56        <activity
56-->src\main\AndroidManifest.xml:43:9-45:39
57            android:name="com.example.alzassit_v2.aler_seguridad"
57-->src\main\AndroidManifest.xml:44:13-43
58            android:exported="true" />
58-->src\main\AndroidManifest.xml:45:13-36
59
60        <meta-data
60-->src\main\AndroidManifest.xml:47:9-49:71
61            android:name="com.google.firebase.messaging.default_notification_channel_id"
61-->src\main\AndroidManifest.xml:48:13-89
62            android:value="@string/default_notification_channel_id" />
62-->src\main\AndroidManifest.xml:49:13-68
63
64        <provider
64-->[androidx.emoji2:emoji2:1.2.0] AndroidManifest.xml:24:9-32:20
65            android:name="androidx.startup.InitializationProvider"
65-->[androidx.emoji2:emoji2:1.2.0] AndroidManifest.xml:25:13-67
66            android:authorities="com.example.alzassit_v2.androidx-startup"
66-->[androidx.emoji2:emoji2:1.2.0] AndroidManifest.xml:26:13-68
67            android:exported="false" >
67-->[androidx.emoji2:emoji2:1.2.0] AndroidManifest.xml:27:13-37
68            <meta-data
68-->[androidx.emoji2:emoji2:1.2.0] AndroidManifest.xml:29:13-31:52
69                android:name="androidx.emoji2.text.EmojiCompatInitializer"
69-->[androidx.emoji2:emoji2:1.2.0] AndroidManifest.xml:30:17-75
70                android:value="androidx.startup" />
70-->[androidx.emoji2:emoji2:1.2.0] AndroidManifest.xml:31:17-49
71            <meta-data
71-->[androidx.lifecycle:lifecycle-process:2.4.1] AndroidManifest.xml:31:13-33:52
72                android:name="androidx.lifecycle.ProcessLifecycleInitializer"
72-->[androidx.lifecycle:lifecycle-process:2.4.1] AndroidManifest.xml:32:17-78
73                android:value="androidx.startup" />
73-->[androidx.lifecycle:lifecycle-process:2.4.1] AndroidManifest.xml:33:17-49
74        </provider>
75    </application>
76
77</manifest>